<?xml version="1.0" encoding="UTF-8"?>
<testsuite xmlns:xsi="http://www.w3.org/2001/XMLSchema-instance" xsi:noNamespaceSchemaLocation="https://maven.apache.org/surefire/maven-surefire-plugin/xsd/surefire-test-report.xsd" name="runner.ConversionRunner" time="6.93" tests="18" errors="0" skipped="0" failures="3">
  <properties>
[...]
</properties>
  <testcase name="User is able to view conversion rates for historic date" classname="Acceptance tests for the Historic Foreign Exchange Rates" time="3.074"/>
  <testcase name="User is able to view conversion rates for specific date" classname="Acceptance tests for the Historic Foreign Exchange Rates" time="0.163"/>
  <testcase name="User is redirected to current day rates when tried to view future date rates" classname="Acceptance tests for the Historic Foreign Exchange Rates" time="0.147">
    <failure message="expected:&lt;2020-0[6-01]&gt; but was:&lt;2020-0[5-29]&gt;" type="org.junit.ComparisonFailure"><![CDATA[org.junit.ComparisonFailure: expected:<2020-0[6-01]> but was:<2020-0[5-29]>
]]></failure>
  </testcase>
  <testcase name="User is able to view current day rates" classname="Acceptance tests for the Latest Foreign Exchange Rates" time="0.103"/>
  <testcase name="User is able to view latest day rates" classname="Acceptance tests for the Latest Foreign Exchange Rates" time="0.062"/>
  <testcase name="User sees proper error message when entered invalid API" classname="Acceptance tests for the Latest Foreign Exchange Rates" time="0.335"/>
  <testcase name="Verify proper error is displayed when user tries to get the rates for year less than 1999" classname="Regression tests for the Historic Foreign Exchange Rates" time="0.34"/>
  <testcase name="Verify user is able to get specific exchange rate by setting symbols parameter" classname="Regression tests for the Historic Foreign Exchange Rates" time="0.116">
    <failure message="expected:&lt;2019-01-1[1]&gt; but was:&lt;2019-01-1[2]&gt;" type="org.junit.ComparisonFailure"><![CDATA[org.junit.ComparisonFailure: expected:<2019-01-1[1]> but was:<2019-01-1[2]>
]]></failure>
  </testcase>
  <testcase name="Verify user is able to get specific exchange rate by setting multiple symbols parameter" classname="Regression tests for the Historic Foreign Exchange Rates" time="0.098"/>
  <testcase name="Verify user is able to get Specific date Foreign Exchange Rates with Base" classname="Regression tests for the Historic Foreign Exchange Rates" time="0.068"/>
  <testcase name="Verify user is able to get Specific date Foreign Exchange Rates with Symbols and Base" classname="Regression tests for the Historic Foreign Exchange Rates" time="0.065"/>
  <testcase name="Verify that rates are quoted against the EURO by default" classname="Regression tests for the Latest Foreign Exchange Rates" time="0.074"/>
  <testcase name="Verify that rates are displayed as per current date by default" classname="Regression tests for the Latest Foreign Exchange Rates" time="0.073">
    <failure message="expected:&lt;2020-0[5-29]&gt; but was:&lt;2020-0[6-01]&gt;" type="org.junit.ComparisonFailure"><![CDATA[org.junit.ComparisonFailure: expected:<2020-0[5-29]> but was:<2020-0[6-01]>
]]></failure>
  </testcase>
  <testcase name="Verify user is able to get specific exchange rates by setting the symbols parameter in the request." classname="Regression tests for the Latest Foreign Exchange Rates" time="0.063"/>
  <testcase name="Verify user is able to get specific exchange rates by setting the multiple symbols in the request." classname="Regression tests for the Latest Foreign Exchange Rates" time="0.097"/>
  <testcase name="Verify user is able to quote against different currency by setting base parameter in the request" classname="Regression tests for the Latest Foreign Exchange Rates" time="0.113"/>
  <testcase name="Verify proper error is displayed when user tries to get the rates with two base values" classname="Regression tests for the Latest Foreign Exchange Rates" time="0.395"/>
  <testcase name="Verify uer is able to get specific exchange rates by setting base and symbols parameter in the request" classname="Regression tests for the Latest Foreign Exchange Rates" time="0.048"/>
</testsuite>